2024-11-15T21:03:44.365Z [info]: Server is listening on port 3000...
2024-11-15T21:04:04.485Z [info]: ::ffff:192.168.65.1 - - [15/Nov/2024:21:04:04 +0000] "GET /api/product HTTP/1.1" 200 645 "-" "PostmanRuntime/7.42.0"
2024-11-15T21:05:26.319Z [info]: Received shutdown signal, gracefully shutting down...
2024-11-15T21:05:26.321Z [info]: Closed out remaining connections.
2024-11-15T21:05:31.903Z [info]: Server is listening on port 3000 🚀✨
2024-11-15T21:07:38.081Z [info]: Received shutdown signal, gracefully shutting down...
2024-11-15T21:07:38.084Z [info]: Closed out remaining connections.
2024-11-15T21:07:43.724Z [info]: Server is listening on port 3000 🚀✨
2024-11-15T21:07:43.925Z [info]: Received shutdown signal, gracefully shutting down...
2024-11-15T21:07:43.926Z [info]: Closed out remaining connections.
2024-11-15T21:07:49.500Z [info]: Server is listening on port 3000 🚀✨
2024-11-15T21:10:27.178Z [info]: Received shutdown signal, gracefully shutting down...
2024-11-15T21:10:27.179Z [info]: Closed out remaining connections.
2024-11-15T21:16:13.774Z [info]: Server is listening on port 3000 🚀✨
2024-11-15T21:16:23.480Z [info]: Received shutdown signal, gracefully shutting down...
2024-11-15T21:16:23.482Z [info]: Closed out remaining connections.
2024-11-15T21:16:29.053Z [info]: Server is listening on port 3000 🚀✨
2024-11-15T21:19:48.386Z [info]: Received shutdown signal, gracefully shutting down...
2024-11-15T21:19:48.391Z [info]: Closed out remaining connections.
2024-11-15T21:19:54.002Z [info]: Server is listening on port 3000 🚀✨
2024-11-15T21:20:36.372Z [info]: Received shutdown signal, gracefully shutting down...
2024-11-15T21:20:36.375Z [info]: Closed out remaining connections.
2024-11-15T21:20:41.967Z [info]: Server is listening on port 3000 🚀✨
2024-11-15T21:21:22.095Z [info]: Received shutdown signal, gracefully shutting down...
2024-11-15T21:21:22.098Z [info]: Closed out remaining connections.
2024-11-15T21:21:27.649Z [info]: Server is listening on port 3000 🚀✨
2024-11-15T21:21:37.781Z [info]: Received shutdown signal, gracefully shutting down...
2024-11-15T21:21:37.783Z [info]: Closed out remaining connections.
2024-11-15T21:21:43.305Z [info]: Server is listening on port 3000 🚀✨
2024-11-15T21:25:09.012Z [info]: Received shutdown signal, gracefully shutting down...
2024-11-15T21:25:09.015Z [info]: Closed out remaining connections.
2024-11-15T21:25:14.615Z [info]: Server is listening on port 3000 🚀✨
2024-11-15T21:26:30.178Z [info]: Received shutdown signal, gracefully shutting down...
2024-11-15T21:26:30.181Z [info]: Closed out remaining connections.
2024-11-15T21:26:35.763Z [info]: Server is listening on port 3000 🚀✨
2024-11-15T21:28:00.211Z [info]: Received shutdown signal, gracefully shutting down...
2024-11-15T21:28:00.214Z [info]: Closed out remaining connections.
2024-11-15T21:28:05.795Z [info]: Applied middleware: helmetMiddleware
2024-11-15T21:28:05.796Z [info]: Applied middleware: jsonParser
2024-11-15T21:28:05.796Z [info]: Applied middleware: urlencodedParser
2024-11-15T21:28:05.796Z [info]: Applied middleware: logger
2024-11-15T21:28:05.806Z [info]: Server is listening on port 3000 🚀✨
2024-11-15T21:28:15.349Z [info]: Received shutdown signal, gracefully shutting down...
2024-11-15T21:28:15.350Z [info]: Closed out remaining connections.
2024-11-15T21:28:20.899Z [info]: Applied middleware: helmetMiddleware
2024-11-15T21:28:20.900Z [info]: Applied middleware: jsonParser
2024-11-15T21:28:20.900Z [info]: Applied middleware: urlencodedParser
2024-11-15T21:28:20.900Z [info]: Applied middleware: logger
2024-11-15T21:28:20.909Z [info]: Server is listening on port 3000 🚀✨
2024-11-15T21:28:55.126Z [info]: Received shutdown signal, gracefully shutting down...
2024-11-15T21:28:55.128Z [info]: Closed out remaining connections.
2024-11-15T21:30:34.972Z [info]: Applied middleware: helmetMiddleware
2024-11-15T21:30:34.973Z [info]: Applied middleware: jsonParser
2024-11-15T21:30:34.973Z [info]: Applied middleware: urlencodedParser
2024-11-15T21:30:34.973Z [info]: Applied middleware: logger
2024-11-15T21:30:34.982Z [info]: Server is listening on port 3000 🚀✨
2024-11-15T21:31:49.584Z [info]: Received shutdown signal, gracefully shutting down...
2024-11-15T21:31:49.586Z [info]: Closed out remaining connections.
2024-11-15T21:31:55.166Z [info]: Applied middleware: helmetMiddleware
2024-11-15T21:31:55.167Z [info]: Applied middleware: jsonParser
2024-11-15T21:31:55.167Z [info]: Applied middleware: urlencodedParser
2024-11-15T21:31:55.167Z [info]: Applied middleware: logger
2024-11-15T21:31:55.176Z [info]: Server is listening on port 3000 🚀✨
2024-11-15T21:32:38.512Z [info]: Received shutdown signal, gracefully shutting down...
2024-11-15T21:32:38.514Z [info]: Closed out remaining connections.
2024-11-15T21:32:44.070Z [info]: Applied middleware: helmetMiddleware
2024-11-15T21:32:44.070Z [info]: Applied middleware: jsonParser
2024-11-15T21:32:44.071Z [info]: Applied middleware: urlencodedParser
2024-11-15T21:32:44.071Z [info]: Applied middleware: logger
2024-11-15T21:32:44.080Z [info]: Server is listening on port 3000 🚀✨
2024-11-15T21:33:35.913Z [info]: Received shutdown signal, gracefully shutting down...
2024-11-15T21:33:35.916Z [info]: Closed out remaining connections.
2024-11-15T21:33:41.515Z [info]: Applied middleware: helmetMiddleware
2024-11-15T21:33:41.516Z [info]: Applied middleware: jsonParser
2024-11-15T21:33:41.516Z [info]: Applied middleware: urlencodedParser
2024-11-15T21:33:41.516Z [info]: Applied middleware: logger
2024-11-15T21:33:41.525Z [info]: Server is listening on port 3000 🚀✨
2024-11-15T21:34:49.096Z [info]: Received shutdown signal, gracefully shutting down...
2024-11-15T21:34:49.100Z [info]: Closed out remaining connections.
2024-11-15T21:34:54.716Z [info]: Applied middleware: helmetMiddleware
2024-11-15T21:34:54.716Z [info]: Applied middleware: jsonParser
2024-11-15T21:34:54.716Z [info]: Applied middleware: urlencodedParser
2024-11-15T21:34:54.717Z [info]: Applied middleware: logger
2024-11-15T21:34:54.726Z [info]: Server is listening on port 3000 🚀✨
2024-11-15T21:38:54.799Z [info]: Received shutdown signal, gracefully shutting down...
2024-11-15T21:38:54.802Z [info]: Closed out remaining connections.
2024-11-15T21:39:00.385Z [info]: Applied middleware: helmetMiddleware
2024-11-15T21:39:00.386Z [info]: Applied middleware: jsonParser
2024-11-15T21:39:00.386Z [info]: Applied middleware: urlencodedParser
2024-11-15T21:39:00.386Z [info]: Applied middleware: logger
2024-11-15T21:39:00.396Z [info]: Server is listening on port 3000 🚀✨
2024-11-15T21:41:26.251Z [info]: Applied middleware: helmetMiddleware
2024-11-15T21:41:26.251Z [info]: Applied middleware: jsonParser
2024-11-15T21:41:26.252Z [info]: Applied middleware: urlencodedParser
2024-11-15T21:41:26.252Z [info]: Applied middleware: logger
2024-11-15T21:41:26.264Z [info]: Server is listening on port 3000 🚀✨
2024-11-15T21:42:07.984Z [info]: Received shutdown signal, gracefully shutting down...
2024-11-15T21:42:07.985Z [info]: Closed out remaining connections.
2024-11-15T21:42:07.986Z [info]: Received shutdown signal, gracefully shutting down...
2024-11-15T21:42:07.988Z [error]: Error [ERR_SERVER_NOT_RUNNING]: Server is not running.
    at Server.close (node:net:2280:12)
    at Object.onceWrapper (node:events:633:28)
    at Server.emit (node:events:519:28)
    at emitCloseNT (node:net:2340:8)
    at process.processTicksAndRejections (node:internal/process/task_queues:81:21)
2024-11-15T21:42:07.989Z [error]: Error [ERR_SERVER_NOT_RUNNING]: Server is not running.
    at Server.close (node:net:2280:12)
    at Object.onceWrapper (node:events:633:28)
    at Server.emit (node:events:519:28)
    at emitCloseNT (node:net:2340:8)
    at process.processTicksAndRejections (node:internal/process/task_queues:81:21)
2024-11-15T21:55:20.761Z [info]: Applied middleware: helmetMiddleware
2024-11-15T21:55:20.762Z [info]: Applied middleware: jsonParser
2024-11-15T21:55:20.762Z [info]: Applied middleware: urlencodedParser
2024-11-15T21:55:20.762Z [info]: Applied middleware: logger
2024-11-15T21:55:20.771Z [info]: Server is listening on port 3000 🚀✨
2024-11-15T21:55:20.807Z [info]: MongoDB connected successfully.
2024-11-15T21:55:20.807Z [info]: Server successfully initialized
2024-11-15T22:02:05.418Z [info]: Received shutdown signal, gracefully shutting down...
2024-11-15T22:02:05.419Z [info]: Closed out remaining connections.
2024-11-15T22:02:11.009Z [info]: Applied middleware: helmetMiddleware
2024-11-15T22:02:11.010Z [info]: Applied middleware: jsonParser
2024-11-15T22:02:11.010Z [info]: Applied middleware: urlencodedParser
2024-11-15T22:02:11.010Z [info]: Applied middleware: logger
2024-11-15T22:02:11.020Z [info]: Server is listening on port 3000 🚀✨
2024-11-15T22:02:11.081Z [info]: MongoDB connected successfully.
2024-11-15T22:02:11.081Z [info]: Server successfully initialized
2024-11-15T22:03:12.869Z [info]: Received shutdown signal, gracefully shutting down...
2024-11-15T22:03:12.871Z [info]: Closed out remaining connections.
2024-11-15T22:03:18.445Z [info]: Applied middleware: helmetMiddleware
2024-11-15T22:03:18.446Z [info]: Applied middleware: jsonParser
2024-11-15T22:03:18.446Z [info]: Applied middleware: urlencodedParser
2024-11-15T22:03:18.446Z [info]: Applied middleware: logger
2024-11-15T22:03:18.455Z [info]: Server is listening on port 3000 🚀✨
2024-11-15T22:03:18.472Z [info]: MongoDB connected successfully.
2024-11-15T22:03:18.472Z [info]: Server successfully initialized
2024-11-15T22:03:27.864Z [info]: Received shutdown signal, gracefully shutting down...
2024-11-15T22:03:27.866Z [info]: Closed out remaining connections.
2024-11-15T22:03:33.413Z [info]: Applied middleware: helmetMiddleware
2024-11-15T22:03:33.414Z [info]: Applied middleware: jsonParser
2024-11-15T22:03:33.414Z [info]: Applied middleware: urlencodedParser
2024-11-15T22:03:33.414Z [info]: Applied middleware: logger
2024-11-15T22:03:33.423Z [info]: Server is listening on port 3000 🚀✨
2024-11-15T22:03:33.440Z [info]: MongoDB connected successfully.
2024-11-15T22:03:33.440Z [info]: Server successfully initialized
2024-11-15T22:05:03.276Z [info]: Received shutdown signal, gracefully shutting down...
2024-11-15T22:05:03.279Z [info]: Closed out remaining connections.
2024-11-15T22:05:08.880Z [info]: Applied middleware: helmetMiddleware
2024-11-15T22:05:08.881Z [info]: Applied middleware: jsonParser
2024-11-15T22:05:08.881Z [info]: Applied middleware: urlencodedParser
2024-11-15T22:05:08.881Z [info]: Applied middleware: logger
2024-11-15T22:05:08.891Z [info]: Server is listening on port 3000 🚀✨
2024-11-15T22:05:08.910Z [info]: MongoDB connected successfully.
2024-11-15T22:05:08.910Z [info]: Server successfully initialized
2024-11-15T22:12:33.666Z [info]: Received shutdown signal, gracefully shutting down...
2024-11-15T22:12:33.669Z [info]: Closed out remaining connections.
2024-11-15T22:12:39.256Z [info]: Applied middleware: helmetMiddleware
2024-11-15T22:12:39.257Z [info]: Applied middleware: jsonParser
2024-11-15T22:12:39.257Z [info]: Applied middleware: urlencodedParser
2024-11-15T22:12:39.257Z [info]: Applied middleware: logger
2024-11-15T22:12:39.266Z [info]: Server is listening on port 3000 🚀✨
2024-11-15T22:12:39.283Z [info]: MongoDB connected successfully.
2024-11-15T22:12:39.284Z [info]: Server successfully initialized
2024-11-15T22:16:38.832Z [info]: Received shutdown signal, gracefully shutting down...
2024-11-15T22:16:38.833Z [info]: Closed out remaining connections.
2024-11-15T22:20:13.043Z [info]: Applied middleware: helmetMiddleware
2024-11-15T22:20:13.044Z [info]: Applied middleware: jsonParser
2024-11-15T22:20:13.044Z [info]: Applied middleware: urlencodedParser
2024-11-15T22:20:13.044Z [info]: Applied middleware: logger
2024-11-15T22:20:13.054Z [info]: Server is listening on port 3000 🚀✨
2024-11-15T22:20:13.072Z [info]: MongoDB connected successfully.
2024-11-15T22:20:13.072Z [info]: Server successfully initialized
